#    1 | steps:    48 | steps_t:     0 | t: 0.201847 | r:  -415.000000 | e:   1.000000 | Q:        nan | won: False 
#    2 | steps:    88 | steps_t:     0 | t: 0.345514 | r:  -440.000000 | e:   1.000000 | Q:        nan | won: False 
#    3 | steps:   141 | steps_t:     0 | t: 0.557107 | r:  -442.000000 | e:   1.000000 | Q:        nan | won: False 
#    4 | steps:   155 | steps_t:     0 | t: 0.604354 | r:  -491.000000 | e:   1.000000 | Q:        nan | won: False 
#    5 | steps:   174 | steps_t:     0 | t: 0.681723 | r:  -452.000000 | e:   1.000000 | Q:        nan | won: False 
#    6 | steps:   232 | steps_t:     0 | t: 0.892434 | r:  -403.000000 | e:   1.000000 | Q:        nan | won: False 
#    7 | steps:   258 | steps_t:     0 | t: 0.984263 | r:  -481.000000 | e:   1.000000 | Q:        nan | won: False 
#    8 | steps:   354 | steps_t:     0 | t: 1.335763 | r:  -474.000000 | e:   1.000000 | Q:        nan | won: False 
#    9 | steps:   368 | steps_t:     0 | t: 1.383694 | r:  -480.000000 | e:   1.000000 | Q:        nan | won: False 
#   10 | steps:   429 | steps_t:     0 | t: 1.610856 | r:  -428.000000 | e:   1.000000 | Q:        nan | won: False 
#   11 | steps:   475 | steps_t:     0 | t: 1.797379 | r:  -435.000000 | e:   1.000000 | Q:        nan | won: False 
#   12 | steps:   501 | steps_t:     0 | t: 1.900744 | r:  -437.000000 | e:   1.000000 | Q:        nan | won: False 
#   13 | steps:   521 | steps_t:     0 | t: 1.963867 | r:  -486.000000 | e:   1.000000 | Q:        nan | won: False 
#   14 | steps:   542 | steps_t:     0 | t: 2.039451 | r:  -487.000000 | e:   1.000000 | Q:        nan | won: False 
#   15 | steps:   588 | steps_t:     0 | t: 2.208060 | r:  -523.000000 | e:   1.000000 | Q:        nan | won: False 
#   16 | steps:   624 | steps_t:     0 | t: 2.330361 | r:  -469.000000 | e:   1.000000 | Q:        nan | won: False 
#   17 | steps:   752 | steps_t:     0 | t: 2.796367 | r:  -389.000000 | e:   1.000000 | Q:        nan | won: False 
#   18 | steps:   772 | steps_t:     0 | t: 2.869229 | r:  -497.000000 | e:   1.000000 | Q:        nan | won: False 
#   19 | steps:   786 | steps_t:     0 | t: 2.914501 | r:  -480.000000 | e:   1.000000 | Q:        nan | won: False 
#   20 | steps:   809 | steps_t:     0 | t: 2.985220 | r:  -467.000000 | e:   1.000000 | Q:        nan | won: False 
#   21 | steps:   843 | steps_t:     0 | t: 3.115948 | r:  -467.000000 | e:   1.000000 | Q:        nan | won: False 
#   22 | steps:   865 | steps_t:     0 | t: 3.182044 | r:  -477.000000 | e:   1.000000 | Q:        nan | won: False 
#   23 | steps:   899 | steps_t:     0 | t: 3.294727 | r:  -456.000000 | e:   1.000000 | Q:        nan | won: False 
#   24 | steps:   942 | steps_t:     0 | t: 3.447077 | r:  -443.000000 | e:   1.000000 | Q:        nan | won: False 
#   25 | steps:   974 | steps_t:     0 | t: 3.571217 | r:  -498.000000 | e:   1.000000 | Q:        nan | won: False 
#   26 | steps:  1018 | steps_t:     0 | t: 3.729316 | r:  -367.000000 | e:   1.000000 | Q:        nan | won: False 
#   27 | steps:  1050 | steps_t:     0 | t: 3.853009 | r:  -432.000000 | e:   1.000000 | Q:        nan | won: False 
#   28 | steps:  1065 | steps_t:     0 | t: 3.918235 | r:  -492.000000 | e:   1.000000 | Q:        nan | won: False 
#   29 | steps:  1092 | steps_t:     0 | t: 4.035146 | r:  -460.000000 | e:   1.000000 | Q:        nan | won: False 
#   30 | steps:  1121 | steps_t:     0 | t: 4.146579 | r:  -418.000000 | e:   1.000000 | Q:        nan | won: False 
#   31 | steps:  1155 | steps_t:     0 | t: 4.299300 | r:  -511.000000 | e:   1.000000 | Q:        nan | won: False 
#   32 | steps:  1173 | steps_t:     0 | t: 4.365970 | r:  -473.000000 | e:   1.000000 | Q:        nan | won: False 
#   33 | steps:  1205 | steps_t:     0 | t: 4.476113 | r:  -399.000000 | e:   1.000000 | Q:        nan | won: False 
#   34 | steps:  1292 | steps_t:     0 | t: 4.800924 | r:  -476.000000 | e:   1.000000 | Q:        nan | won: False 
#   35 | steps:  1303 | steps_t:     0 | t: 4.839094 | r:  -477.000000 | e:   1.000000 | Q:        nan | won: False 
#   36 | steps:  1366 | steps_t:     0 | t: 5.081679 | r:  -419.000000 | e:   1.000000 | Q:        nan | won: False 
#   37 | steps:  1385 | steps_t:     0 | t: 5.147732 | r:  -452.000000 | e:   1.000000 | Q:        nan | won: False 
#   38 | steps:  1441 | steps_t:     0 | t: 5.350684 | r:  -489.000000 | e:   1.000000 | Q:        nan | won: False 
#   39 | steps:  1453 | steps_t:     0 | t: 5.389957 | r:  -489.000000 | e:   1.000000 | Q:        nan | won: False 
#   40 | steps:  1518 | steps_t:     0 | t: 5.637027 | r:  -421.000000 | e:   1.000000 | Q:        nan | won: False 
#   41 | steps:  1545 | steps_t:     0 | t: 5.728632 | r:  -482.000000 | e:   1.000000 | Q:        nan | won: False 
#   42 | steps:  1568 | steps_t:     0 | t: 5.803242 | r:  -500.000000 | e:   1.000000 | Q:        nan | won: False 
#   43 | steps:  1606 | steps_t:     0 | t: 5.942784 | r:  -449.000000 | e:   1.000000 | Q:        nan | won: False 
#   44 | steps:  1642 | steps_t:     0 | t: 6.063912 | r:  -491.000000 | e:   1.000000 | Q:        nan | won: False 
#   45 | steps:  1659 | steps_t:     0 | t: 6.117955 | r:  -483.000000 | e:   1.000000 | Q:        nan | won: False 
#   46 | steps:  1670 | steps_t:     0 | t: 6.155346 | r:  -488.000000 | e:   1.000000 | Q:        nan | won: False 
#   47 | steps:  1690 | steps_t:     0 | t: 6.224156 | r:  -464.000000 | e:   1.000000 | Q:        nan | won: False 
#   48 | steps:  1710 | steps_t:     0 | t: 6.286499 | r:  -464.000000 | e:   1.000000 | Q:        nan | won: False 
#   49 | steps:  1743 | steps_t:     0 | t: 6.405261 | r:  -466.000000 | e:   1.000000 | Q:        nan | won: False 
#   50 | steps:  1759 | steps_t:     0 | t: 6.456952 | r:  -493.000000 | e:   1.000000 | Q:        nan | won: False 
#   51 | steps:  1775 | steps_t:     0 | t: 6.506118 | r:  -482.000000 | e:   1.000000 | Q:        nan | won: False 
#   52 | steps:  1793 | steps_t:     0 | t: 6.561995 | r:  -473.000000 | e:   1.000000 | Q:        nan | won: False 
#   53 | steps:  1901 | steps_t:     0 | t: 6.932928 | r:  -365.000000 | e:   1.000000 | Q:        nan | won: False 
#   54 | steps:  2027 | steps_t:     0 | t: 7.417949 | r:  -394.000000 | e:   1.000000 | Q:        nan | won: False 
#   55 | steps:  2062 | steps_t:     0 | t: 7.537520 | r:  -512.000000 | e:   1.000000 | Q:        nan | won: False 
#   56 | steps:  2086 | steps_t:     0 | t: 7.621922 | r:  -424.000000 | e:   1.000000 | Q:        nan | won: False 
#   57 | steps:  2208 | steps_t:     0 | t: 8.072001 | r:  -434.000000 | e:   1.000000 | Q:        nan | won: False 
#   58 | steps:  2285 | steps_t:     0 | t: 8.401451 | r:  -488.000000 | e:   1.000000 | Q:        nan | won: False 
#   59 | steps:  2397 | steps_t:     0 | t: 8.805311 | r:  -435.000000 | e:   1.000000 | Q:        nan | won: False 
#   60 | steps:  2443 | steps_t:     0 | t: 8.968529 | r:  -479.000000 | e:   1.000000 | Q:        nan | won: False 
#   61 | steps:  2519 | steps_t:     0 | t: 9.266629 | r:  -421.000000 | e:   1.000000 | Q:        nan | won: False 
#   62 | steps:  2552 | steps_t:     0 | t: 9.385958 | r:  -466.000000 | e:   1.000000 | Q:        nan | won: False 
#   63 | steps:  2563 | steps_t:     0 | t: 9.424082 | r:  -499.000000 | e:   1.000000 | Q:        nan | won: False 
#   64 | steps:  2651 | steps_t:     0 | t: 9.736892 | r:  -477.000000 | e:   1.000000 | Q:        nan | won: False 
#   65 | steps:  2739 | steps_t:     0 | t: 10.064851 | r:  -411.000000 | e:   1.000000 | Q:        nan | won: False 
#   66 | steps:  2754 | steps_t:     0 | t: 10.117310 | r:  -492.000000 | e:   1.000000 | Q:        nan | won: False 
#   67 | steps:  2775 | steps_t:     0 | t: 10.185180 | r:  -465.000000 | e:   1.000000 | Q:        nan | won: False 
#   68 | steps:  2788 | steps_t:     0 | t: 10.239497 | r:  -490.000000 | e:   1.000000 | Q:        nan | won: False 
#   69 | steps:  2863 | steps_t:     0 | t: 10.517655 | r:  -464.000000 | e:   1.000000 | Q:        nan | won: False 
#   70 | steps:  3057 | steps_t:     0 | t: 11.198950 | r:  -290.000000 | e:   1.000000 | Q:        nan | won: False 
#   71 | steps:  3097 | steps_t:     0 | t: 11.335839 | r:  -440.000000 | e:   1.000000 | Q:        nan | won: False 
#   72 | steps:  3117 | steps_t:     0 | t: 11.403801 | r:  -442.000000 | e:   1.000000 | Q:        nan | won: False 
#   73 | steps:  3260 | steps_t:     0 | t: 11.920530 | r:  -360.000000 | e:   1.000000 | Q:        nan | won: False 
#   74 | steps:  3274 | steps_t:     0 | t: 11.966359 | r:  -491.000000 | e:   1.000000 | Q:        nan | won: False 
#   75 | steps:  3296 | steps_t:     0 | t: 12.037998 | r:  -444.000000 | e:   1.000000 | Q:        nan | won: False 
#   76 | steps:  3429 | steps_t:     0 | t: 12.533852 | r:  -434.000000 | e:   1.000000 | Q:        nan | won: False 
#   77 | steps:  3442 | steps_t:     0 | t: 12.589209 | r:  -457.000000 | e:   1.000000 | Q:        nan | won: False 
#   78 | steps:  3482 | steps_t:     0 | t: 12.727898 | r:  -440.000000 | e:   1.000000 | Q:        nan | won: False 
#   79 | steps:  3518 | steps_t:     0 | t: 12.872596 | r:  -469.000000 | e:   1.000000 | Q:        nan | won: False 
#   80 | steps:  3539 | steps_t:     0 | t: 12.938169 | r:  -454.000000 | e:   1.000000 | Q:        nan | won: False 
#   81 | steps:  3580 | steps_t:     0 | t: 13.091883 | r:  -441.000000 | e:   1.000000 | Q:        nan | won: False 
#   82 | steps:  3644 | steps_t:     0 | t: 13.325427 | r:  -373.000000 | e:   1.000000 | Q:        nan | won: False 
#   83 | steps:  3671 | steps_t:     0 | t: 13.421153 | r:  -504.000000 | e:   1.000000 | Q:        nan | won: False 
#   84 | steps:  3702 | steps_t:     0 | t: 13.525503 | r:  -497.000000 | e:   1.000000 | Q:        nan | won: False 
#   85 | steps:  3749 | steps_t:     0 | t: 13.712866 | r:  -381.000000 | e:   1.000000 | Q:        nan | won: False 
#   86 | steps:  3777 | steps_t:     0 | t: 13.856391 | r:  -483.000000 | e:   1.000000 | Q:        nan | won: False 
#   87 | steps:  3794 | steps_t:     0 | t: 13.917206 | r:  -472.000000 | e:   1.000000 | Q:        nan | won: False 
#   88 | steps:  3813 | steps_t:     0 | t: 14.029389 | r:  -452.000000 | e:   1.000000 | Q:        nan | won: False 
#   89 | steps:  3865 | steps_t:     0 | t: 14.249341 | r:  -408.000000 | e:   1.000000 | Q:        nan | won: False 
#   90 | steps:  3929 | steps_t:     0 | t: 14.484445 | r:  -508.000000 | e:   1.000000 | Q:        nan | won: False 
#   91 | steps:  3997 | steps_t:     0 | t: 14.841454 | r:  -435.000000 | e:   1.000000 | Q:        nan | won: False 
#   92 | steps:  4016 | steps_t:     0 | t: 14.906686 | r:  -452.000000 | e:   1.000000 | Q:        nan | won: False 
#   93 | steps:  4044 | steps_t:     0 | t: 15.081845 | r:  -472.000000 | e:   1.000000 | Q:        nan | won: False 
#   94 | steps:  4063 | steps_t:     0 | t: 15.182226 | r:  -452.000000 | e:   1.000000 | Q:        nan | won: False 
#   95 | steps:  4127 | steps_t:     0 | t: 15.527194 | r:  -420.000000 | e:   1.000000 | Q:        nan | won: False 
#   96 | steps:  4157 | steps_t:     0 | t: 15.669756 | r:  -496.000000 | e:   1.000000 | Q:        nan | won: False 
#   97 | steps:  4194 | steps_t:     0 | t: 15.861184 | r:  -503.000000 | e:   1.000000 | Q:        nan | won: False 
#   98 | steps:  4251 | steps_t:     0 | t: 16.062898 | r:  -457.000000 | e:   1.000000 | Q:        nan | won: False 
#   99 | steps:  4283 | steps_t:     0 | t: 16.182892 | r:  -476.000000 | e:   1.000000 | Q:        nan | won: False 
#  100 | steps:  4293 | steps_t:     0 | t: 16.219461 | r:  -465.000000 | e:   1.000000 | Q:        nan | won: False 
#  101 | steps:  4303 | steps_t:     0 | t: 16.255031 | r:  -454.000000 | e:   1.000000 | Q:        nan | won: False 
#  102 | steps:  4325 | steps_t:     0 | t: 16.333014 | r:  -488.000000 | e:   1.000000 | Q:        nan | won: False 
#  103 | steps:  4487 | steps_t:     0 | t: 16.904689 | r:  -408.000000 | e:   1.000000 | Q:        nan | won: False 
#  104 | steps:  4530 | steps_t:     0 | t: 17.101550 | r:  -421.000000 | e:   1.000000 | Q:        nan | won: False 
#  105 | steps:  4554 | steps_t:     0 | t: 17.214933 | r:  -435.000000 | e:   1.000000 | Q:        nan | won: False 
#  106 | steps:  4562 | steps_t:     0 | t: 17.248371 | r:  -463.000000 | e:   1.000000 | Q:        nan | won: False 
#  107 | steps:  4588 | steps_t:     0 | t: 17.327093 | r:  -459.000000 | e:   1.000000 | Q:        nan | won: False 
#  108 | steps:  4601 | steps_t:     0 | t: 17.373762 | r:  -490.000000 | e:   1.000000 | Q:        nan | won: False 
#  109 | steps:  4635 | steps_t:     0 | t: 17.499225 | r:  -489.000000 | e:   1.000000 | Q:        nan | won: False 
#  110 | steps:  4676 | steps_t:     0 | t: 17.632645 | r:  -375.000000 | e:   1.000000 | Q:        nan | won: False 
#  111 | steps:  4711 | steps_t:     0 | t: 17.774029 | r:  -413.000000 | e:   1.000000 | Q:        nan | won: False 
#  112 | steps:  4728 | steps_t:     0 | t: 17.823495 | r:  -472.000000 | e:   1.000000 | Q:        nan | won: False 
#  113 | steps:  4740 | steps_t:     0 | t: 17.858824 | r:  -489.000000 | e:   1.000000 | Q:        nan | won: False 
#  114 | steps:  4796 | steps_t:     0 | t: 18.070762 | r:  -478.000000 | e:   1.000000 | Q:        nan | won: False 
#  115 | steps:  4813 | steps_t:     0 | t: 18.126064 | r:  -483.000000 | e:   1.000000 | Q:        nan | won: False 
#  116 | steps:  4847 | steps_t:     0 | t: 18.230533 | r:  -489.000000 | e:   1.000000 | Q:        nan | won: False 
#  117 | steps:  4864 | steps_t:     0 | t: 18.286523 | r:  -483.000000 | e:   1.000000 | Q:        nan | won: False 
#  118 | steps:  4877 | steps_t:     0 | t: 18.333708 | r:  -501.000000 | e:   1.000000 | Q:        nan | won: False 
#  119 | steps:  5017 | steps_t:    16 | t: 19.090483 | r:  -430.000000 | e:   0.998400 | Q:        nan | won: False 
#  120 | steps:  5032 | steps_t:    30 | t: 19.370473 | r:  -481.000000 | e:   0.997000 | Q:        nan | won: False 
#  121 | steps:  5047 | steps_t:    44 | t: 19.654913 | r:  -492.000000 | e:   0.995600 | Q:        nan | won: False 
#  122 | steps:  5076 | steps_t:    72 | t: 20.211659 | r:  -440.000000 | e:   0.992800 | Q:        nan | won: False 
#  123 | steps:  5141 | steps_t:   136 | t: 21.422111 | r:  -432.000000 | e:   0.986400 | Q:  -7.703134 | won: False 
#  124 | steps:  5211 | steps_t:   205 | t: 22.827992 | r:  -437.000000 | e:   0.979500 | Q:        nan | won: False 
#  125 | steps:  5228 | steps_t:   221 | t: 23.199616 | r:  -483.000000 | e:   0.977900 | Q: -43.530098 | won: False 
#  126 | steps:  5294 | steps_t:   286 | t: 24.420624 | r:  -499.000000 | e:   0.971400 | Q: -42.737427 | won: False 
#  127 | steps:  5343 | steps_t:   334 | t: 25.444761 | r:  -460.000000 | e:   0.966600 | Q: -52.518551 | won: False 
#  128 | steps:  5464 | steps_t:   454 | t: 27.835033 | r:  -444.000000 | e:   0.954600 | Q: -78.270378 | won: False 
#  129 | steps:  5482 | steps_t:   471 | t: 28.159781 | r:  -429.000000 | e:   0.952900 | Q: -90.445724 | won: False 
#  130 | steps:  5494 | steps_t:   482 | t: 28.346758 | r:  -489.000000 | e:   0.951800 | Q: -94.408188 | won: False 
#  131 | steps:  5535 | steps_t:   522 | t: 29.216457 | r:  -441.000000 | e:   0.947800 | Q: -82.526947 | won: False 
#  132 | steps:  5595 | steps_t:   581 | t: 30.720555 | r:  -372.000000 | e:   0.941900 | Q: -95.675049 | won: False 
#  133 | steps:  5638 | steps_t:   623 | t: 31.716149 | r:  -498.000000 | e:   0.937700 | Q: -57.874889 | won: False 
#  134 | steps:  5678 | steps_t:   662 | t: 32.588390 | r:  -462.000000 | e:   0.933800 | Q: -50.675232 | won: False 
#  135 | steps:  5708 | steps_t:   691 | t: 33.243150 | r:  -485.000000 | e:   0.930900 | Q: -59.110748 | won: False 
#  136 | steps:  5763 | steps_t:   745 | t: 34.340356 | r:  -488.000000 | e:   0.925500 | Q: -51.796139 | won: False 
#  137 | steps:  5790 | steps_t:   771 | t: 35.017542 | r:  -460.000000 | e:   0.922900 | Q: -31.557686 | won: False 
#  138 | steps:  5923 | steps_t:   903 | t: 37.464113 | r:  -390.000000 | e:   0.909700 | Q: -34.714951 | won: False 
#  139 | steps:  5940 | steps_t:   919 | t: 37.793692 | r:  -483.000000 | e:   0.908100 | Q: -70.664055 | won: False 
#  140 | steps:  6032 | steps_t:  1010 | t: 39.706849 | r:  -459.000000 | e:   0.899000 | Q: -69.743393 | won: False 
#  141 | steps:  6048 | steps_t:  1025 | t: 40.024219 | r:  -460.000000 | e:   0.897500 | Q: -50.224869 | won: False 
#  142 | steps:  6060 | steps_t:  1036 | t: 40.257343 | r:  -478.000000 | e:   0.896400 | Q: -44.826321 | won: False 
#  143 | steps:  6102 | steps_t:  1077 | t: 41.073363 | r:  -453.000000 | e:   0.892300 | Q: -54.864098 | won: False 
#  144 | steps:  6137 | steps_t:  1111 | t: 41.774672 | r:  -457.000000 | e:   0.888900 | Q: -52.630703 | won: False 
#  145 | steps:  6166 | steps_t:  1139 | t: 42.269712 | r:  -495.000000 | e:   0.886100 | Q: -62.272305 | won: False 
#  146 | steps:  6186 | steps_t:  1158 | t: 42.640900 | r:  -486.000000 | e:   0.884200 | Q: -69.007225 | won: False 
#  147 | steps:  6200 | steps_t:  1171 | t: 42.898485 | r:  -480.000000 | e:   0.882900 | Q: -71.076775 | won: False 
#  148 | steps:  6218 | steps_t:  1188 | t: 43.220578 | r:  -484.000000 | e:   0.881200 | Q: -75.952293 | won: False 
#  149 | steps:  6249 | steps_t:  1218 | t: 43.830688 | r:  -464.000000 | e:   0.878200 | Q: -72.376663 | won: False 
#  150 | steps:  6268 | steps_t:  1236 | t: 44.227739 | r:  -496.000000 | e:   0.876400 | Q: -75.008980 | won: False 
#  151 | steps:  6374 | steps_t:  1341 | t: 46.248766 | r:  -484.000000 | e:   0.865900 | Q: -62.861744 | won: False 
#  152 | steps:  6391 | steps_t:  1357 | t: 46.562498 | r:  -483.000000 | e:   0.864300 | Q: -63.073971 | won: False 
#  153 | steps:  6404 | steps_t:  1369 | t: 46.828768 | r:  -501.000000 | e:   0.863100 | Q:        nan | won: False 
#  154 | steps:  6415 | steps_t:  1379 | t: 47.027897 | r:  -433.000000 | e:   0.862100 | Q: -76.131210 | won: False 
#  155 | steps:  6437 | steps_t:  1400 | t: 47.439861 | r:  -455.000000 | e:   0.860000 | Q: -67.758842 | won: False 
#  156 | steps:  6466 | steps_t:  1428 | t: 48.009303 | r:  -429.000000 | e:   0.857200 | Q: -46.247677 | won: False 
#  157 | steps:  6481 | steps_t:  1442 | t: 48.287375 | r:  -492.000000 | e:   0.855800 | Q: -46.692905 | won: False 
#  158 | steps:  6498 | steps_t:  1458 | t: 48.617863 | r:  -472.000000 | e:   0.854200 | Q: -49.933907 | won: False 
#  159 | steps:  6540 | steps_t:  1499 | t: 49.405079 | r:  -453.000000 | e:   0.850100 | Q: -57.191345 | won: False 
#  160 | steps:  6607 | steps_t:  1565 | t: 50.713147 | r:  -511.000000 | e:   0.843500 | Q: -74.258987 | won: False 
#  161 | steps:  6630 | steps_t:  1587 | t: 51.165569 | r:  -500.000000 | e:   0.841300 | Q: -70.157425 | won: False 
#  162 | steps:  6756 | steps_t:  1712 | t: 53.367036 | r:  -438.000000 | e:   0.828800 | Q: -56.622005 | won: False 
#  163 | steps:  6773 | steps_t:  1728 | t: 53.706430 | r:  -406.000000 | e:   0.827200 | Q: -67.909355 | won: False 
#  164 | steps:  6826 | steps_t:  1780 | t: 54.745583 | r:  -420.000000 | e:   0.822000 | Q: -66.820587 | won: False 
#  165 | steps:  6843 | steps_t:  1796 | t: 55.072540 | r:  -483.000000 | e:   0.820400 | Q: -74.969376 | won: False 
#  166 | steps:  6909 | steps_t:  1861 | t: 56.394506 | r:  -444.000000 | e:   0.813900 | Q: -75.059761 | won: False 
#  167 | steps:  6989 | steps_t:  1940 | t: 58.128012 | r:  -491.000000 | e:   0.806000 | Q: -35.117672 | won: False 
#  168 | steps:  7022 | steps_t:  1972 | t: 58.753977 | r:  -488.000000 | e:   0.802800 | Q: -47.089119 | won: False 
#  169 | steps:  7045 | steps_t:  1994 | t: 59.203482 | r:  -445.000000 | e:   0.800600 | Q: -43.299034 | won: False 
#  170 | steps:  7106 | steps_t:  2054 | t: 60.401678 | r:  -439.000000 | e:   0.794600 | Q: -50.891972 | won: False 
#  171 | steps:  7156 | steps_t:  2103 | t: 61.444788 | r:  -450.000000 | e:   0.789700 | Q: -59.310890 | won: False 
#  172 | steps:  7172 | steps_t:  2118 | t: 61.746854 | r:  -482.000000 | e:   0.788200 | Q: -55.660324 | won: False 
#  173 | steps:  7201 | steps_t:  2146 | t: 62.288005 | r:  -473.000000 | e:   0.785400 | Q: -45.872803 | won: False 
#  174 | steps:  7272 | steps_t:  2216 | t: 63.995638 | r:  -409.000000 | e:   0.778400 | Q: -41.164433 | won: False 
#  175 | steps:  7292 | steps_t:  2235 | t: 64.473222 | r:  -453.000000 | e:   0.776500 | Q: -25.908340 | won: False 
#  176 | steps:  7380 | steps_t:  2322 | t: 66.599368 | r:  -400.000000 | e:   0.767800 | Q: -24.003462 | won: False 
#  177 | steps:  7411 | steps_t:  2352 | t: 67.229396 | r:  -497.000000 | e:   0.764800 | Q: -40.890953 | won: False 
#  178 | steps:  7440 | steps_t:  2380 | t: 67.767309 | r:  -495.000000 | e:   0.762000 | Q: -58.677410 | won: False 
#  179 | steps:  7461 | steps_t:  2400 | t: 68.237952 | r:  -476.000000 | e:   0.760000 | Q: -49.549240 | won: False 
#  180 | steps:  7490 | steps_t:  2428 | t: 68.785684 | r:  -440.000000 | e:   0.757200 | Q: -55.109047 | won: False 
#  181 | steps:  7509 | steps_t:  2446 | t: 69.135142 | r:  -485.000000 | e:   0.755400 | Q: -33.745182 | won: False 
#  182 | steps:  7524 | steps_t:  2460 | t: 69.413058 | r:  -481.000000 | e:   0.754000 | Q: -43.721909 | won: False 
#  183 | steps:  7540 | steps_t:  2475 | t: 69.704500 | r:  -471.000000 | e:   0.752500 | Q: -39.488777 | won: False 
#  184 | steps:  7553 | steps_t:  2487 | t: 69.936370 | r:  -479.000000 | e:   0.751300 | Q: -36.479389 | won: False 
#  185 | steps:  7570 | steps_t:  2503 | t: 70.247506 | r:  -483.000000 | e:   0.749700 | Q: -51.830490 | won: False 
#  186 | steps:  7722 | steps_t:  2654 | t: 72.991034 | r:  -369.000000 | e:   0.734600 | Q: -40.997303 | won: False 
#  187 | steps:  7827 | steps_t:  2758 | t: 75.016851 | r:  -494.000000 | e:   0.724200 | Q: -53.882462 | won: False 
#  188 | steps:  7859 | steps_t:  2789 | t: 75.664300 | r:  -388.000000 | e:   0.721100 | Q: -59.380554 | won: False 
